*** Error compiling 'c:\\Users\\aaron\\grace_2\\backend\\autonomy\\auto_extension_loop.py'...
  File "c:\Users\aaron\grace_2\backend\autonomy\auto_extension_loop.py", line 139
    print("   based on detected capability gaps and business needs.")
SyntaxError: expected 'except' or 'finally' block

*** Error compiling 'c:\\Users\\aaron\\grace_2\\backend\\models\\schemas_fixed.py'...
  File "c:\Users\aaron\grace_2\backend\models\schemas_fixed.py", line 380
    class PolicyListResponse(RootModel[List[PolicyResponse]]]):
                                                            ^
SyntaxError: closing parenthesis ']' does not match opening parenthesis '('

*** Error compiling 'c:\\Users\\aaron\\grace_2\\backend\\triggers\\advanced_triggers.py'...
  File "c:\Users\aaron\grace_2\backend\triggers\advanced_triggers.py", line 529
    sig = f"{error_type}:{traceback_snippet.split('\n')[0][:100]}"
                                                                  ^
SyntaxError: f-string expression part cannot include a backslash

*** Error compiling 'c:\\Users\\aaron\\grace_2\\backend\\misc\\main_full.py'...
Sorry: IndentationError: unexpected indent (main_full.py, line 21)
[CONTROL-PLANE] ‚úó coding_agent FAILED: No module named 'backend.agents_core.trigger_mesh'
[CONTROL-PLANE] ‚úó coding_agent FAILED: No module named 'backend.agents_core.trigger_mesh'
[CONTROL-PLANE] ‚úó coding_agent FAILED: No module named 'backend.agents_core.trigger_mesh'
[CONTROL-PLANE] ‚úó coding_agent FAILED: No module named 'backend.agents_core.trigger_mesh'
[CONTROL-PLANE] ‚úó governance FAILED: No module named 'backend.governance_system.models'
[CONTROL-PLANE] ‚úó governance FAILED: No module named 'backend.governance_system.models'
[CONTROL-PLANE] ‚úó governance FAILED: No module named 'backend.governance_system.models'
[CONTROL-PLANE] ‚úó governance FAILED: No module named 'backend.governance_system.models'
[MEMORY_FUSION] Could not subscribe to logic updates: No module named 'backend.trigger_mesh'
error: unable to unlink old 'databases/grace.db': Invalid argument
fatal: Could not reset index file to revision 'cdfdd6dc211267094ba9683e4e2e6f06349b75cd'.
Git rollback failed: Command '['git', 'reset', '--hard', 'cdfdd6dc211267094ba9683e4e2e6f06349b75cd']' returned non-zero exit status 128.

================================================================================
GRACE - PRODUCTION BOOT ORCHESTRATOR
================================================================================

================================================================================
PHASE 0: Production Hardening
================================================================================
  [SNAPSHOT] Creating boot snapshot: boot_1763192169
    [OK] DB snapshot: boot_1763192169_db.sqlite
    [OK] Cache snapshot: boot_1763192169_cache
    [OK] Config hashes: 9 files
    [OK] Model hashes: 0 models

[SECURITY] ATTESTING SECRETS & CONFIGS
   [OK] Attested 7 secrets/configs

[SBOM] GENERATING SBOM
   [OK] Tracked 89 dependencies
   [SCAN] Checking for CVEs... [OK] No known vulnerabilities

   üõ°Ô∏è  Boot rate limiting: ENABLED

PHASE 1: Pre-flight health checks

================================================================================
üîç PRE-FLIGHT HEALTH GATE
================================================================================
  Checking python_version... ‚úÖ PASSED
  Checking pip_dependencies... ‚úÖ PASSED
  Checking env_variables... ‚ö†Ô∏è  WARNING
  Checking database_connectivity... ‚úÖ PASSED
  Checking disk_space... ‚úÖ PASSED
  Checking port_availability... ‚úÖ PASSED
  Checking config_files... ‚úÖ PASSED

  Results: 6 passed, 1 warnings, 0 failed
================================================================================

PHASE 2: Booting core infrastructure
[1/20] Message Bus: ACTIVE
[2/20] Immutable Log: ACTIVE

PHASE 3: Dependency-driven kernel boot

================================================================================
üöÄ KERNEL BOOT - DEPENDENCY-DRIVEN
================================================================================

üî• Pre-boot warmup...
  ‚ö° Loading warm caches... ‚ö†Ô∏è  No cache found (first boot)
  ‚ö° Warming DB connections... ‚úÖ
  ‚ö° Pre-fetching secrets... ‚úÖ (0 secrets)
  ‚ö° Checking compiled bytecode... ‚úÖ
  [core] Booting message_bus...   ‚úÖ message_bus RUNNING
‚úÖ READY
  [core] Booting immutable_log...   ‚úÖ immutable_log RUNNING
‚úÖ READY
  [core] Booting self_healing...   [core] Booting coding_agent...   [governance] Booting secret_manager...   ‚úÖ self_healing RUNNING
  ‚úÖ secret_manager RUNNING
‚úÖ READY
‚úÖ READY
‚ö†Ô∏è  NO READINESS
  ‚è≥ Retry 1/3 in 1s... ‚ö†Ô∏è  NO READINESS
  ‚è≥ Retry 2/3 in 2s... ‚ö†Ô∏è  NO READINESS
  ‚è≥ Retry 3/3 in 4s... ‚ö†Ô∏è  NO READINESS
  üîÑ Attempting degraded mode... ‚úÖ DEGRADED
  [governance] Booting governance...   [agentic] Booting agentic_spine...   ‚úÖ agentic_spine RUNNING
‚úÖ READY
‚ö†Ô∏è  NO READINESS
  ‚è≥ Retry 1/3 in 1s... ‚ö†Ô∏è  NO READINESS
  ‚è≥ Retry 2/3 in 2s... ‚ö†Ô∏è  NO READINESS
  ‚è≥ Retry 3/3 in 4s... ‚ö†Ô∏è  NO READINESS
  üîÑ Attempting degraded mode... ‚úÖ DEGRADED
  [governance] Booting verification_framework...   [execution] Booting memory_fusion...   [execution] Booting sandbox...   [agentic] Booting meta_loop...   [agentic] Booting voice_conversation...   ‚úÖ verification_framework RUNNING
  ‚úÖ memory_fusion RUNNING
  ‚úÖ sandbox RUNNING
  ‚úÖ meta_loop RUNNING
  ‚úÖ voice_conversation RUNNING
‚úÖ READY
‚úÖ READY
‚úÖ READY
‚úÖ READY
‚úÖ READY
  [execution] Booting librarian...   [services] Booting api_server...   ‚úÖ librarian RUNNING
  ‚úÖ api_server RUNNING
‚úÖ READY
‚úÖ READY

  ‚úÖ Boot complete: 14 kernels, 0 failed
================================================================================

================================================================================
BOOT COMPLETE - 20 KERNELS
================================================================================

‚úÖ Core & Repair Systems:
   message_bus, immutable_log, self_healing, coding_agent

‚úÖ Governance:
   secret_manager, governance, verification_framework

‚úÖ Execution:
   memory_fusion, librarian, sandbox

‚úÖ Agentic:
   agentic_spine, meta_loop, voice_conversation

‚úÖ Services:
   api_server, trigger_mesh, scheduler, health_monitor

================================================================================
  Total: 14/20 running
  Failed: 0
  System State: stopped
================================================================================

PHASE 4: Endpoint validation

================================================================================
üß™ PARALLEL VALIDATION HARNESS
================================================================================
  Testing GET http://localhost:8000/health... ‚ùå FAIL: All connection attempts failed
  Testing GET http://localhost:8000/api/health... ‚ùå FAIL: All connection attempts failed
================================================================================


PHASE 5: Contract tests

[TEST] RUNNING CONTRACT TESTS
============================================================
  Testing health_endpoint... [ERROR] ERROR: All connection attempts failed
  Testing api_health_endpoint... [ERROR] ERROR: All connection attempts failed
  Testing control_state_endpoint... [ERROR] ERROR: All connection attempts failed
  Testing coding_agent_model... [ERROR] FAIL
============================================================
[ERROR] CRITICAL TESTS FAILED - Blocking traffic
   Failed: health_endpoint, api_health_endpoint, control_state_endpoint, coding_agent_model


‚ùå CRITICAL CONTRACT TESTS FAILED
   Traffic BLOCKED for safety
   Failed tests: health_endpoint, api_health_endpoint, control_state_endpoint, coding_agent_model

   üîÑ Rolling back to last snapshot...

[ROLLBACK] ROLLING BACK to boot_1763192169
   Timestamp: 2025-11-15 07:36:09.636225
   Git commit: cdfdd6dc211267094ba9683e4e2e6f06349b75cd
  [RESTORE] Rolling back database...
    [OK] Database restored
  [RESTORE] Rolling back caches...
    [OK] Caches restored
  [RESTORE] Rolling back code...
    [OK] Code restored

[OK] ROLLBACK COMPLETE
Failed to boot Layer 1. Exiting.
